<?xml version="1.0" encoding="UTF-8"?>
<testng-results skipped="0" failed="0" ignored="0" total="1" passed="1">
  <reporter-output>
  </reporter-output>
  <suite name="inetBankingV1" duration-ms="26971" started-at="2021-10-19T15:47:24 IST" finished-at="2021-10-19T15:47:51 IST">
    <groups>
    </groups>
    <test name="BankingApp Test" duration-ms="26971" started-at="2021-10-19T15:47:24 IST" finished-at="2021-10-19T15:47:51 IST">
      <class name="com.inetbanking.testcases.TC_AddCustomerTest_003">
        <test-method status="PASS" signature="setup(java.lang.String)[pri:0, instance:com.inetbanking.testcases.TC_AddCustomerTest_003@706a04ae]" name="setup" is-config="true" duration-ms="7897" started-at="2021-10-19T15:47:24 IST" finished-at="2021-10-19T15:47:32 IST">
          <params>
            <param index="0">
              <value>
                <![CDATA[chrome]]>
              </value>
            </param>
          </params>
          <reporter-output>
          </reporter-output>
        </test-method> <!-- setup -->
        <test-method status="PASS" signature="addNewCustomer()[pri:0, instance:com.inetbanking.testcases.TC_AddCustomerTest_003@706a04ae]" name="addNewCustomer" duration-ms="17924" started-at="2021-10-19T15:47:32 IST" finished-at="2021-10-19T15:47:50 IST">
          <reporter-output>
          </reporter-output>
        </test-method> <!-- addNewCustomer -->
        <test-method status="PASS" signature="tearDown()[pri:0, instance:com.inetbanking.testcases.TC_AddCustomerTest_003@706a04ae]" name="tearDown" is-config="true" duration-ms="781" started-at="2021-10-19T15:47:50 IST" finished-at="2021-10-19T15:47:51 IST">
          <reporter-output>
          </reporter-output>
        </test-method> <!-- tearDown -->
      </class> <!-- com.inetbanking.testcases.TC_AddCustomerTest_003 -->
    </test> <!-- BankingApp Test -->
  </suite> <!-- inetBankingV1 -->
</testng-results>
